<?xml version="1.0" encoding="UTF-8"?>
<!-- Generated by org.testng.reporters.JUnitReportReporter -->
<testsuite hostname="ICPL11465" name="com.qmetry.qaf.automation.step.client.Scenario" tests="1" failures="0" timestamp="6 Apr 2017 10:09:15 GMT" time="11.439" errors="0">
  <testcase name="Book a flight" time="11.439" classname="com.qmetry.qaf.automation.step.client.Scenario"/>
</testsuite> <!-- com.qmetry.qaf.automation.step.client.Scenario -->
